[ 2025-07-14 01:59:28,048 ] 148 numexpr.utils - INFO - Note: NumExpr detected 16 cores but "NUMEXPR_MAX_THREADS" not set, so enforcing safe limit of 8.
[ 2025-07-14 01:59:28,048 ] 160 numexpr.utils - INFO - NumExpr defaulting to 8 threads.
[ 2025-07-14 02:00:43,699 ] 34 root - INFO - Start data Ingestion
[ 2025-07-14 02:00:58,347 ] 62 root - INFO - Performed train test split on the dataframe
[ 2025-07-14 02:00:58,348 ] 63 root - INFO - Exited split_data_as_train_test method of data ingestion class
[ 2025-07-14 02:00:58,348 ] 66 root - INFO - Exporting train and test file path
[ 2025-07-14 02:00:58,847 ] 69 root - INFO - Exported train and test file path
[ 2025-07-14 02:00:58,847 ] 37 root - INFO - Data Ingestion completed and artifact:DataIngestionArtifact(trained_file_path='Artifacts\\07_14_2025_01_59_28\\data_ingestion\\ingested\\train.csv', test_file_path='Artifacts\\07_14_2025_01_59_28\\data_ingestion\\ingested\\test.csv')
[ 2025-07-14 02:00:58,851 ] 47 root - INFO - Inititae the data validation
[ 2025-07-14 02:00:58,869 ] 34 root - INFO - Required number of columns:2
[ 2025-07-14 02:00:58,870 ] 35 root - INFO - Dataframe has columns:31
[ 2025-07-14 02:00:58,870 ] 34 root - INFO - Required number of columns:2
[ 2025-07-14 02:00:58,870 ] 35 root - INFO - Dataframe has columns:31
[ 2025-07-14 02:00:58,870 ] 44 root - INFO - checking numerical exist or not
[ 2025-07-14 02:00:58,870 ] 44 root - INFO - checking numerical exist or not
[ 2025-07-14 02:00:59,575 ] 57 root - INFO - Entered initiate_data_transformation method of Datatransformation class
[ 2025-07-14 02:00:59,575 ] 59 root - INFO - Starting data transformation
[ 2025-07-14 02:00:59,592 ] 44 root - INFO - entered get_data_transformer_object method of transformation class 
[ 2025-07-14 02:00:59,592 ] 47 root - INFO - Initialize KNNImputer with {'missing_values': nan, 'n_neighbors': 3, 'weights': 'uniform'}
[ 2025-07-14 02:00:59,619 ] 47 root - INFO - entered the save_object method of mainutils class
[ 2025-07-14 02:00:59,627 ] 51 root - INFO - Exited the save_object method of MainUtils class
[ 2025-07-14 02:00:59,627 ] 47 root - INFO - entered the save_object method of mainutils class
[ 2025-07-14 02:00:59,635 ] 51 root - INFO - Exited the save_object method of MainUtils class
[ 2025-07-14 02:02:05,425 ] 47 root - INFO - entered the save_object method of mainutils class
[ 2025-07-14 02:02:05,428 ] 51 root - INFO - Exited the save_object method of MainUtils class
[ 2025-07-14 02:02:05,428 ] 47 root - INFO - entered the save_object method of mainutils class
[ 2025-07-14 02:02:05,439 ] 51 root - INFO - Exited the save_object method of MainUtils class
[ 2025-07-14 02:02:05,439 ] 125 root - INFO - Model Trainer Artifact:ModelTrainerArtifact(trained_model_file_path='Artifacts\\07_14_2025_01_59_28\\model_trainer\\trained_model\\model.pkl', train_metric_artifact=ClassificationMetricArtifact(f1_score=0.9908164295085276, precision_score=0.9879251358422217, recall_score=0.9937246963562752), test_metric_artifact=ClassificationMetricArtifact(f1_score=0.979072630283135, precision_score=0.9778688524590164, recall_score=0.9802793755135579))
